<?xml version="1.0" encoding="UTF-8"?>
<testsuite xmlns:xsi="http://www.w3.org/2001/XMLSchema-instance" xsi:noNamespaceSchemaLocation="https://maven.apache.org/surefire/maven-surefire-plugin/xsd/surefire-test-report-3.0.xsd" version="3.0" name="com.bdv.microservicios.Msvcchequesliberados.MsvcChequesliberadosApplicationTests" time="4.59" tests="1" errors="0" skipped="0" failures="0">
  <properties>
[...]
</properties>
  <testcase name="contextLoads" classname="com.bdv.microservicios.Msvcchequesliberados.MsvcChequesliberadosApplicationTests" time="0.93">
    <system-out><![CDATA[13:57:02.987 [main] INFO org.springframework.test.context.support.AnnotationConfigContextLoaderUtils -- Could not detect default configuration classes for test class [com.bdv.microservicios.Msvcchequesliberados.MsvcChequesliberadosApplicationTests]: MsvcChequesliberadosApplicationTests does not declare any static, non-private, non-final, nested classes annotated with @Configuration.
13:57:03.059 [main] INFO org.springframework.boot.test.context.SpringBootTestContextBootstrapper -- Found @SpringBootConfiguration com.bdv.microservicios.Msvcchequesliberados.MsvcChequesliberadosApplication for test class com.bdv.microservicios.Msvcchequesliberados.MsvcChequesliberadosApplicationTests

  .   ____          _            __ _ _
 /\\ / ___'_ __ _ _(_)_ __  __ _ \ \ \ \
( ( )\___ | '_ | '_| | '_ \/ _` | \ \ \ \
 \\/  ___)| |_)| | | | | || (_| |  ) ) ) )
  '  |____| .__|_| |_|_| |_\__, | / / / /
 =========|_|==============|___/=/_/_/_/
 :: Spring Boot ::                (v3.1.0)

2023-06-15T13:57:03.418-04:00  INFO 10840 --- [           main] m.M.MsvcChequesliberadosApplicationTests : Starting MsvcChequesliberadosApplicationTests using Java 17.0.4 with PID 10840 (started by lenin in C:\Cheques liberados\Msvc-chequesliberados)
2023-06-15T13:57:03.419-04:00  INFO 10840 --- [           main] m.M.MsvcChequesliberadosApplicationTests : No active profile set, falling back to 1 default profile: "default"
2023-06-15T13:57:03.903-04:00  INFO 10840 --- [           main] .s.d.r.c.RepositoryConfigurationDelegate : Bootstrapping Spring Data JPA repositories in DEFAULT mode.
2023-06-15T13:57:03.924-04:00  INFO 10840 --- [           main] .s.d.r.c.RepositoryConfigurationDelegate : Finished Spring Data repository scanning in 13 ms. Found 0 JPA repository interfaces.
2023-06-15T13:57:04.347-04:00  INFO 10840 --- [           main] com.zaxxer.hikari.HikariDataSource       : HikariPool-1 - Starting...
2023-06-15T13:57:04.603-04:00  INFO 10840 --- [           main] com.zaxxer.hikari.pool.HikariPool        : HikariPool-1 - Added connection conn0: url=jdbc:h2:mem:71f8c6ce-7224-487b-a23e-7e9aafb2ca4f user=SA
2023-06-15T13:57:04.605-04:00  INFO 10840 --- [           main] com.zaxxer.hikari.HikariDataSource       : HikariPool-1 - Start completed.
2023-06-15T13:57:04.672-04:00  INFO 10840 --- [           main] o.hibernate.jpa.internal.util.LogHelper  : HHH000204: Processing PersistenceUnitInfo [name: default]
2023-06-15T13:57:04.732-04:00  INFO 10840 --- [           main] org.hibernate.Version                    : HHH000412: Hibernate ORM core version 6.2.2.Final
2023-06-15T13:57:04.734-04:00  INFO 10840 --- [           main] org.hibernate.cfg.Environment            : HHH000406: Using bytecode reflection optimizer
2023-06-15T13:57:04.907-04:00  INFO 10840 --- [           main] o.h.b.i.BytecodeProviderInitiator        : HHH000021: Bytecode provider name : bytebuddy
2023-06-15T13:57:05.069-04:00  INFO 10840 --- [           main] o.s.o.j.p.SpringPersistenceUnitInfo      : No LoadTimeWeaver setup: ignoring JPA class transformer
2023-06-15T13:57:05.142-04:00  INFO 10840 --- [           main] org.hibernate.orm.dialect                : HHH035001: Using dialect: org.hibernate.dialect.H2Dialect, version: 2.1.214
2023-06-15T13:57:05.246-04:00  INFO 10840 --- [           main] o.h.b.i.BytecodeProviderInitiator        : HHH000021: Bytecode provider name : bytebuddy
2023-06-15T13:57:05.518-04:00  INFO 10840 --- [           main] o.h.e.t.j.p.i.JtaPlatformInitiator       : HHH000490: Using JtaPlatform implementation: [org.hibernate.engine.transaction.jta.platform.internal.NoJtaPlatform]
2023-06-15T13:57:05.524-04:00  INFO 10840 --- [           main] j.LocalContainerEntityManagerFactoryBean : Initialized JPA EntityManagerFactory for persistence unit 'default'
2023-06-15T13:57:05.759-04:00  WARN 10840 --- [           main] JpaBaseConfiguration$JpaWebConfiguration : spring.jpa.open-in-view is enabled by default. Therefore, database queries may be performed during view rendering. Explicitly configure spring.jpa.open-in-view to disable this warning
2023-06-15T13:57:06.265-04:00  WARN 10840 --- [           main] .s.s.UserDetailsServiceAutoConfiguration : 

Using generated security password: 4a2a81ad-8fba-45bf-8fcf-e69b83d3a53e

This generated password is for development use only. Your security configuration must be updated before running your application in production.

2023-06-15T13:57:06.431-04:00  INFO 10840 --- [           main] o.s.s.web.DefaultSecurityFilterChain     : Will secure any request with [org.springframework.security.web.session.DisableEncodeUrlFilter@443253a6, org.springframework.security.web.context.request.async.WebAsyncManagerIntegrationFilter@191774d6, org.springframework.security.web.context.SecurityContextHolderFilter@72d0196d, org.springframework.security.web.header.HeaderWriterFilter@35260785, org.springframework.security.web.csrf.CsrfFilter@39004e4f, org.springframework.security.web.authentication.logout.LogoutFilter@6e78177b, org.springframework.security.web.authentication.UsernamePasswordAuthenticationFilter@42b500aa, org.springframework.security.web.authentication.ui.DefaultLoginPageGeneratingFilter@12e40e98, org.springframework.security.web.authentication.ui.DefaultLogoutPageGeneratingFilter@21ffc00e, org.springframework.security.web.authentication.www.BasicAuthenticationFilter@7305cfb1, org.springframework.security.web.savedrequest.RequestCacheAwareFilter@4067634b, org.springframework.security.web.servletapi.SecurityContextHolderAwareRequestFilter@3c5e4aac, org.springframework.security.web.authentication.AnonymousAuthenticationFilter@134955bb, org.springframework.security.web.access.ExceptionTranslationFilter@5de243bb, org.springframework.security.web.access.intercept.AuthorizationFilter@5521407f]
2023-06-15T13:57:06.496-04:00  INFO 10840 --- [           main] m.M.MsvcChequesliberadosApplicationTests : Started MsvcChequesliberadosApplicationTests in 3.303 seconds (process running for 4.049)
]]></system-out>
  </testcase>
</testsuite>